<?xml version="1.0" encoding="UTF-8"?>
<robot generator="Robot 5.0.1 (Python 3.10.5 on win32)" generated="20220822 21:28:09.131" rpa="false" schemaversion="3">
<suite id="s1" name="APITests" source="C:\Users\daniel.pogorevici\PycharmProjects\DemoTesting\APITests\APITests.robot">
<test id="s1-t1" name="Simple REST API call" line="6">
<kw name="Check Github Username" library="API">
<kw name="Create Session" library="RequestsLibrary">
<arg>github_session</arg>
<arg>https://api.github.com</arg>
<doc>Create Session: create a HTTP session to a server</doc>
<msg timestamp="20220822 21:28:09.322" level="INFO">Creating Session using : alias=github_session, url=https://api.github.com, headers={},                     cookies={}, auth=None, timeout=None, proxies=None, verify=False,                     debug=0 </msg>
<status status="PASS" starttime="20220822 21:28:09.322" endtime="20220822 21:28:09.323"/>
</kw>
<kw name="Get Request" library="RequestsLibrary">
<var>${response}</var>
<arg>github_session</arg>
<arg>users/dann1kk</arg>
<doc>*DEPRECATED* Please use `GET On Session` instead.</doc>
<msg timestamp="20220822 21:28:09.323" level="WARN">Keyword 'RequestsLibrary.Get Request' is deprecated. Please use `GET On Session` instead.</msg>
<msg timestamp="20220822 21:28:09.663" level="INFO">GET Request : url=https://api.github.com/users/dann1kk 
 path_url=/users/dann1kk 
 headers={'User-Agent': 'python-requests/2.28.1', 'Accept-Encoding': 'gzip, deflate', 'Accept': '*/*', 'Connection': 'keep-alive'} 
 body=None 
 </msg>
<msg timestamp="20220822 21:28:09.663" level="INFO">GET Response : url=https://api.github.com/users/dann1kk 
 status=200, reason=OK 
 headers={'Server': 'GitHub.com', 'Date': 'Mon, 22 Aug 2022 18:27:52 GMT', 'Content-Type': 'application/json; charset=utf-8', 'Cache-Control': 'public, max-age=60, s-maxage=60', 'Vary': 'Accept, Accept-Encoding, Accept, X-Requested-With', 'ETag': 'W/"2104d24b53dbb6e06d2a316ec120b8219ab5f381f02b779e5548c8c17c5d4cb7"', 'Last-Modified': 'Tue, 16 Aug 2022 15:39:08 GMT', 'X-GitHub-Media-Type': 'github.v3; format=json', 'Access-Control-Expose-Headers': 'ETag, Link, Location, Retry-After, X-GitHub-OTP, X-RateLimit-Limit, X-RateLimit-Remaining, X-RateLimit-Used, X-RateLimit-Resource, X-RateLimit-Reset, X-OAuth-Scopes, X-Accepted-OAuth-Scopes, X-Poll-Interval, X-GitHub-Media-Type, X-GitHub-SSO, X-GitHub-Request-Id, Deprecation, Sunset', 'Access-Control-Allow-Origin': '*', 'Strict-Transport-Security': 'max-age=31536000; includeSubdomains; preload', 'X-Frame-Options': 'deny', 'X-Content-Type-Options': 'nosniff', 'X-XSS-Protection': '0', 'Referrer-Policy': 'origin-when-cross-origin, strict-origin-when-cross-origin', 'Content-Security-Policy': "default-src 'none'", 'Content-Encoding': 'gzip', 'X-RateLimit-Limit': '60', 'X-RateLimit-Remaining': '57', 'X-RateLimit-Reset': '1661196439', 'X-RateLimit-Resource': 'core', 'X-RateLimit-Used': '3', 'Accept-Ranges': 'bytes', 'Content-Length': '458', 'X-GitHub-Request-Id': 'EB35:AA85:564652:581B5A:6303CAA8'} 
 body={"login":"dann1kk","id":79021557,"node_id":"MDQ6VXNlcjc5MDIxNTU3","avatar_url":"https://avatars.githubusercontent.com/u/79021557?v=4","gravatar_id":"","url":"https://api.github.com/users/dann1kk","html_url":"https://github.com/dann1kk","followers_url":"https://api.github.com/users/dann1kk/followers","following_url":"https://api.github.com/users/dann1kk/following{/other_user}","gists_url":"https://api.github.com/users/dann1kk/gists{/gist_id}","starred_url":"https://api.github.com/users/dann1kk/starred{/owner}{/repo}","subscriptions_url":"https://api.github.com/users/dann1kk/subscriptions","organizations_url":"https://api.github.com/users/dann1kk/orgs","repos_url":"https://api.github.com/users/dann1kk/repos","events_url":"https://api.github.com/users/dann1kk/events{/privacy}","received_events_url":"https://api.github.com/users/dann1kk/received_events","type":"User","site_admin":false,"name":"Daniel","company":null,"blog":"","location":null,"email":null,"hireable":null,"bio":null,"twitter_username":null,"public_repos":17,"public_gists":0,"followers":2,"following":2,"created_at":"2021-02-13T19:03:14Z","updated_at":"2022-08-16T15:39:08Z"} 
 </msg>
<msg timestamp="20220822 21:28:09.663" level="INFO">C:\Users\daniel.pogorevici\AppData\Local\Programs\Python\Python310\lib\site-packages\urllib3\connectionpool.py:1045: InsecureRequestWarning: Unverified HTTPS request is being made to host 'api.github.com'. Adding certificate verification is strongly advised. See: https://urllib3.readthedocs.io/en/1.26.x/advanced-usage.html#ssl-warnings
  warnings.warn(</msg>
<msg timestamp="20220822 21:28:09.664" level="INFO">${response} = &lt;Response [200]&gt;</msg>
<status status="PASS" starttime="20220822 21:28:09.323" endtime="20220822 21:28:09.664"/>
</kw>
<kw name="Should Be Equal As Strings" library="BuiltIn">
<arg>${response.status_code}</arg>
<arg>200</arg>
<doc>Fails if objects are unequal after converting them to strings.</doc>
<msg timestamp="20220822 21:28:09.664" level="INFO">Argument types are:
&lt;class 'int'&gt;
&lt;class 'str'&gt;</msg>
<status status="PASS" starttime="20220822 21:28:09.664" endtime="20220822 21:28:09.664"/>
</kw>
<kw name="Set Variable" library="BuiltIn">
<var>${json}</var>
<arg>${response.json()}</arg>
<doc>Returns the given values which can then be assigned to a variables.</doc>
<msg timestamp="20220822 21:28:09.665" level="INFO">${json} = {'login': 'dann1kk', 'id': 79021557, 'node_id': 'MDQ6VXNlcjc5MDIxNTU3', 'avatar_url': 'https://avatars.githubusercontent.com/u/79021557?v=4', 'gravatar_id': '', 'url': 'https://api.github.com/users/da...</msg>
<status status="PASS" starttime="20220822 21:28:09.665" endtime="20220822 21:28:09.665"/>
</kw>
<kw name="Should Be Equal As Strings" library="BuiltIn">
<arg>${json['login']}</arg>
<arg>dann1kk</arg>
<doc>Fails if objects are unequal after converting them to strings.</doc>
<status status="PASS" starttime="20220822 21:28:09.665" endtime="20220822 21:28:09.665"/>
</kw>
<kw name="Log" library="BuiltIn">
<arg>${json}</arg>
<doc>Logs the given message with the given level.</doc>
<msg timestamp="20220822 21:28:09.666" level="INFO">{'login': 'dann1kk', 'id': 79021557, 'node_id': 'MDQ6VXNlcjc5MDIxNTU3', 'avatar_url': 'https://avatars.githubusercontent.com/u/79021557?v=4', 'gravatar_id': '', 'url': 'https://api.github.com/users/dann1kk', 'html_url': 'https://github.com/dann1kk', 'followers_url': 'https://api.github.com/users/dann1kk/followers', 'following_url': 'https://api.github.com/users/dann1kk/following{/other_user}', 'gists_url': 'https://api.github.com/users/dann1kk/gists{/gist_id}', 'starred_url': 'https://api.github.com/users/dann1kk/starred{/owner}{/repo}', 'subscriptions_url': 'https://api.github.com/users/dann1kk/subscriptions', 'organizations_url': 'https://api.github.com/users/dann1kk/orgs', 'repos_url': 'https://api.github.com/users/dann1kk/repos', 'events_url': 'https://api.github.com/users/dann1kk/events{/privacy}', 'received_events_url': 'https://api.github.com/users/dann1kk/received_events', 'type': 'User', 'site_admin': False, 'name': 'Daniel', 'company': None, 'blog': '', 'location': None, 'email': None, 'hireable': None, 'bio': None, 'twitter_username': None, 'public_repos': 17, 'public_gists': 0, 'followers': 2, 'following': 2, 'created_at': '2021-02-13T19:03:14Z', 'updated_at': '2022-08-16T15:39:08Z'}</msg>
<status status="PASS" starttime="20220822 21:28:09.665" endtime="20220822 21:28:09.666"/>
</kw>
<status status="PASS" starttime="20220822 21:28:09.322" endtime="20220822 21:28:09.666"/>
</kw>
<tag>API</tag>
<status status="PASS" starttime="20220822 21:28:09.321" endtime="20220822 21:28:09.667"/>
</test>
<test id="s1-t2" name="Avatar Check" line="10">
<kw name="Check Github avatar" library="API">
<kw name="Create Session" library="RequestsLibrary">
<arg>github_session</arg>
<arg>https://api.github.com</arg>
<doc>Create Session: create a HTTP session to a server</doc>
<msg timestamp="20220822 21:28:09.669" level="INFO">Creating Session using : alias=github_session, url=https://api.github.com, headers={},                     cookies={}, auth=None, timeout=None, proxies=None, verify=False,                     debug=0 </msg>
<status status="PASS" starttime="20220822 21:28:09.668" endtime="20220822 21:28:09.669"/>
</kw>
<kw name="Get Request" library="RequestsLibrary">
<var>${response}</var>
<arg>github_session</arg>
<arg>users/dann1kk</arg>
<doc>*DEPRECATED* Please use `GET On Session` instead.</doc>
<msg timestamp="20220822 21:28:09.669" level="WARN">Keyword 'RequestsLibrary.Get Request' is deprecated. Please use `GET On Session` instead.</msg>
<msg timestamp="20220822 21:28:09.844" level="INFO">GET Request : url=https://api.github.com/users/dann1kk 
 path_url=/users/dann1kk 
 headers={'User-Agent': 'python-requests/2.28.1', 'Accept-Encoding': 'gzip, deflate', 'Accept': '*/*', 'Connection': 'keep-alive'} 
 body=None 
 </msg>
<msg timestamp="20220822 21:28:09.845" level="INFO">GET Response : url=https://api.github.com/users/dann1kk 
 status=200, reason=OK 
 headers={'Server': 'GitHub.com', 'Date': 'Mon, 22 Aug 2022 18:27:52 GMT', 'Content-Type': 'application/json; charset=utf-8', 'Cache-Control': 'public, max-age=60, s-maxage=60', 'Vary': 'Accept, Accept-Encoding, Accept, X-Requested-With', 'ETag': 'W/"2104d24b53dbb6e06d2a316ec120b8219ab5f381f02b779e5548c8c17c5d4cb7"', 'Last-Modified': 'Tue, 16 Aug 2022 15:39:08 GMT', 'X-GitHub-Media-Type': 'github.v3; format=json', 'Access-Control-Expose-Headers': 'ETag, Link, Location, Retry-After, X-GitHub-OTP, X-RateLimit-Limit, X-RateLimit-Remaining, X-RateLimit-Used, X-RateLimit-Resource, X-RateLimit-Reset, X-OAuth-Scopes, X-Accepted-OAuth-Scopes, X-Poll-Interval, X-GitHub-Media-Type, X-GitHub-SSO, X-GitHub-Request-Id, Deprecation, Sunset', 'Access-Control-Allow-Origin': '*', 'Strict-Transport-Security': 'max-age=31536000; includeSubdomains; preload', 'X-Frame-Options': 'deny', 'X-Content-Type-Options': 'nosniff', 'X-XSS-Protection': '0', 'Referrer-Policy': 'origin-when-cross-origin, strict-origin-when-cross-origin', 'Content-Security-Policy': "default-src 'none'", 'Content-Encoding': 'gzip', 'X-RateLimit-Limit': '60', 'X-RateLimit-Remaining': '56', 'X-RateLimit-Reset': '1661196439', 'X-RateLimit-Resource': 'core', 'X-RateLimit-Used': '4', 'Accept-Ranges': 'bytes', 'Content-Length': '458', 'X-GitHub-Request-Id': 'EB36:AA84:30FBBF:32806B:6303CAA8'} 
 body={"login":"dann1kk","id":79021557,"node_id":"MDQ6VXNlcjc5MDIxNTU3","avatar_url":"https://avatars.githubusercontent.com/u/79021557?v=4","gravatar_id":"","url":"https://api.github.com/users/dann1kk","html_url":"https://github.com/dann1kk","followers_url":"https://api.github.com/users/dann1kk/followers","following_url":"https://api.github.com/users/dann1kk/following{/other_user}","gists_url":"https://api.github.com/users/dann1kk/gists{/gist_id}","starred_url":"https://api.github.com/users/dann1kk/starred{/owner}{/repo}","subscriptions_url":"https://api.github.com/users/dann1kk/subscriptions","organizations_url":"https://api.github.com/users/dann1kk/orgs","repos_url":"https://api.github.com/users/dann1kk/repos","events_url":"https://api.github.com/users/dann1kk/events{/privacy}","received_events_url":"https://api.github.com/users/dann1kk/received_events","type":"User","site_admin":false,"name":"Daniel","company":null,"blog":"","location":null,"email":null,"hireable":null,"bio":null,"twitter_username":null,"public_repos":17,"public_gists":0,"followers":2,"following":2,"created_at":"2021-02-13T19:03:14Z","updated_at":"2022-08-16T15:39:08Z"} 
 </msg>
<msg timestamp="20220822 21:28:09.845" level="INFO">C:\Users\daniel.pogorevici\AppData\Local\Programs\Python\Python310\lib\site-packages\urllib3\connectionpool.py:1045: InsecureRequestWarning: Unverified HTTPS request is being made to host 'api.github.com'. Adding certificate verification is strongly advised. See: https://urllib3.readthedocs.io/en/1.26.x/advanced-usage.html#ssl-warnings
  warnings.warn(</msg>
<msg timestamp="20220822 21:28:09.845" level="INFO">${response} = &lt;Response [200]&gt;</msg>
<status status="PASS" starttime="20220822 21:28:09.669" endtime="20220822 21:28:09.845"/>
</kw>
<kw name="Should Be Equal As Strings" library="BuiltIn">
<arg>${response.status_code}</arg>
<arg>200</arg>
<doc>Fails if objects are unequal after converting them to strings.</doc>
<msg timestamp="20220822 21:28:09.846" level="INFO">Argument types are:
&lt;class 'int'&gt;
&lt;class 'str'&gt;</msg>
<status status="PASS" starttime="20220822 21:28:09.845" endtime="20220822 21:28:09.846"/>
</kw>
<kw name="Set Variable" library="BuiltIn">
<var>${json}</var>
<arg>${response.json()}</arg>
<doc>Returns the given values which can then be assigned to a variables.</doc>
<msg timestamp="20220822 21:28:09.846" level="INFO">${json} = {'login': 'dann1kk', 'id': 79021557, 'node_id': 'MDQ6VXNlcjc5MDIxNTU3', 'avatar_url': 'https://avatars.githubusercontent.com/u/79021557?v=4', 'gravatar_id': '', 'url': 'https://api.github.com/users/da...</msg>
<status status="PASS" starttime="20220822 21:28:09.846" endtime="20220822 21:28:09.846"/>
</kw>
<kw name="Set Variable" library="BuiltIn">
<var>${GITHUB_AVATAR}</var>
<arg>${json['avatar_url']}</arg>
<doc>Returns the given values which can then be assigned to a variables.</doc>
<msg timestamp="20220822 21:28:09.846" level="INFO">${GITHUB_AVATAR} = https://avatars.githubusercontent.com/u/79021557?v=4</msg>
<status status="PASS" starttime="20220822 21:28:09.846" endtime="20220822 21:28:09.846"/>
</kw>
<kw name="Should Be Equal" library="BuiltIn">
<arg>${avatar}</arg>
<arg>${github_avatar}</arg>
<doc>Fails if the given objects are unequal.</doc>
<status status="PASS" starttime="20220822 21:28:09.847" endtime="20220822 21:28:09.847"/>
</kw>
<kw name="Log" library="BuiltIn">
<arg>${json}</arg>
<doc>Logs the given message with the given level.</doc>
<msg timestamp="20220822 21:28:09.847" level="INFO">{'login': 'dann1kk', 'id': 79021557, 'node_id': 'MDQ6VXNlcjc5MDIxNTU3', 'avatar_url': 'https://avatars.githubusercontent.com/u/79021557?v=4', 'gravatar_id': '', 'url': 'https://api.github.com/users/dann1kk', 'html_url': 'https://github.com/dann1kk', 'followers_url': 'https://api.github.com/users/dann1kk/followers', 'following_url': 'https://api.github.com/users/dann1kk/following{/other_user}', 'gists_url': 'https://api.github.com/users/dann1kk/gists{/gist_id}', 'starred_url': 'https://api.github.com/users/dann1kk/starred{/owner}{/repo}', 'subscriptions_url': 'https://api.github.com/users/dann1kk/subscriptions', 'organizations_url': 'https://api.github.com/users/dann1kk/orgs', 'repos_url': 'https://api.github.com/users/dann1kk/repos', 'events_url': 'https://api.github.com/users/dann1kk/events{/privacy}', 'received_events_url': 'https://api.github.com/users/dann1kk/received_events', 'type': 'User', 'site_admin': False, 'name': 'Daniel', 'company': None, 'blog': '', 'location': None, 'email': None, 'hireable': None, 'bio': None, 'twitter_username': None, 'public_repos': 17, 'public_gists': 0, 'followers': 2, 'following': 2, 'created_at': '2021-02-13T19:03:14Z', 'updated_at': '2022-08-16T15:39:08Z'}</msg>
<status status="PASS" starttime="20220822 21:28:09.847" endtime="20220822 21:28:09.847"/>
</kw>
<status status="PASS" starttime="20220822 21:28:09.668" endtime="20220822 21:28:09.847"/>
</kw>
<tag>API</tag>
<status status="PASS" starttime="20220822 21:28:09.668" endtime="20220822 21:28:09.848"/>
</test>
<test id="s1-t3" name="Put Request" line="14">
<kw name="Put Request" library="API">
<kw name="Create Session" library="RequestsLibrary">
<arg>dl_tool</arg>
<arg>https://delivery-toolkit-back.azurewebsites.net</arg>
<doc>Create Session: create a HTTP session to a server</doc>
<msg timestamp="20220822 21:28:09.850" level="INFO">Creating Session using : alias=dl_tool, url=https://delivery-toolkit-back.azurewebsites.net, headers={},                     cookies={}, auth=None, timeout=None, proxies=None, verify=False,                     debug=0 </msg>
<status status="PASS" starttime="20220822 21:28:09.850" endtime="20220822 21:28:09.850"/>
</kw>
<kw name="Create Dictionary" library="BuiltIn">
<var>${body}</var>
<arg>{"name":"TestD2222","includeNotes":false,"anonymous":true,"includeTimer":true,"isTemplate":true,"templates":[{"currentOrdinal":null,"ordinal":2,"retroTemplateType":"AGILE"}],"timerDuration":75,"id":59,"participantsIds":null,"time":null,"date":null}</arg>
<doc>Creates and returns a dictionary based on the given ``items``.</doc>
<msg timestamp="20220822 21:28:09.850" level="FAIL">Expected even number of keys and values, got 1.</msg>
<status status="FAIL" starttime="20220822 21:28:09.850" endtime="20220822 21:28:09.850"/>
</kw>
<kw name="Create Dictionary" library="BuiltIn">
<var>${header}</var>
<arg>Authorization=Bearer eyJhbGciOiJIUzUxMiJ9.eyJzdWIiOiJtYW5hZ2VyQGFtZGFyaXMuY29tIiwiaWF0IjoxNjYxMTczNTA1LCJleHAiOjE2NjEyNTk5MDV9.IcqdhHmDzQZ97G8aZ7_-euFu_v-hLX0d_weIevAqHlIAtzuQD6lYcN4DsPOMrzqyQR2RZrgYXHUl31W5OCzBxw</arg>
<doc>Creates and returns a dictionary based on the given ``items``.</doc>
<status status="NOT RUN" starttime="20220822 21:28:09.850" endtime="20220822 21:28:09.850"/>
</kw>
<kw name="Put Request" library="API">
<var>${response}</var>
<arg>dl_tool</arg>
<arg>/api/v1/project/1/retro</arg>
<arg>data=${body}</arg>
<arg>headers=${header}</arg>
<status status="NOT RUN" starttime="20220822 21:28:09.850" endtime="20220822 21:28:09.850"/>
</kw>
<status status="FAIL" starttime="20220822 21:28:09.850" endtime="20220822 21:28:09.851"/>
</kw>
<tag>API</tag>
<status status="FAIL" starttime="20220822 21:28:09.849" endtime="20220822 21:28:09.851">Expected even number of keys and values, got 1.</status>
</test>
<doc>API Demo Tests</doc>
<status status="FAIL" starttime="20220822 21:28:09.132" endtime="20220822 21:28:09.852"/>
</suite>
<statistics>
<total>
<stat pass="2" fail="1" skip="0">All Tests</stat>
</total>
<tag>
<stat pass="2" fail="1" skip="0">API</stat>
</tag>
<suite>
<stat pass="2" fail="1" skip="0" id="s1" name="APITests">APITests</stat>
</suite>
</statistics>
<errors>
<msg timestamp="20220822 21:28:09.323" level="WARN">Keyword 'RequestsLibrary.Get Request' is deprecated. Please use `GET On Session` instead.</msg>
<msg timestamp="20220822 21:28:09.669" level="WARN">Keyword 'RequestsLibrary.Get Request' is deprecated. Please use `GET On Session` instead.</msg>
</errors>
</robot>
