<?xml version="1.0" encoding="UTF-8"?>
<robot generator="Robot 5.0.1 (Python 3.10.5 on win32)" generated="20220809 17:46:40.397" rpa="false" schemaversion="3">
<suite id="s1" name="Suites">
<suite id="s1-s1" name="SimpleTestCases" source="C:\Users\daniel.pogorevici\PycharmProjects\DemoTesting\ProceduralTests\SimpleTestCases.robot">
<test id="s1-s1-t1" name="Open the website in explorer" line="9">
<kw name="Open Browser" library="SeleniumLibrary">
<arg>https://www.amazon.com/</arg>
<arg>ie</arg>
<doc>Opens a new browser instance to the optional ``url``.</doc>
<msg timestamp="20220809 17:46:40.621" level="INFO">Opening browser 'ie' to base url 'https://www.amazon.com/'.</msg>
<status status="PASS" starttime="20220809 17:46:40.621" endtime="20220809 17:46:44.106"/>
</kw>
<kw name="Sleep" library="BuiltIn">
<arg>3s</arg>
<doc>Pauses the test executed for the given time.</doc>
<msg timestamp="20220809 17:46:47.121" level="INFO">Slept 3 seconds</msg>
<status status="PASS" starttime="20220809 17:46:44.107" endtime="20220809 17:46:47.121"/>
</kw>
<kw name="Close Browser" library="SeleniumLibrary">
<doc>Closes the current browser.</doc>
<status status="PASS" starttime="20220809 17:46:47.121" endtime="20220809 17:46:50.164"/>
</kw>
<kw name="Log" library="BuiltIn">
<arg>Browser is opened</arg>
<doc>Logs the given message with the given level.</doc>
<msg timestamp="20220809 17:46:50.165" level="INFO">Browser is opened</msg>
<status status="PASS" starttime="20220809 17:46:50.165" endtime="20220809 17:46:50.165"/>
</kw>
<kw name="Log To Console" library="BuiltIn">
<arg>Browser is opened</arg>
<doc>Logs the given message to the console.</doc>
<status status="PASS" starttime="20220809 17:46:50.165" endtime="20220809 17:46:50.165"/>
</kw>
<doc>Running website on Internet Explorer</doc>
<tag>Browsers</tag>
<status status="PASS" starttime="20220809 17:46:40.620" endtime="20220809 17:46:50.166"/>
</test>
<test id="s1-s1-t2" name="Open the website in firefox" line="18">
<kw name="Open Browser" library="SeleniumLibrary">
<arg>https://www.amazon.com/</arg>
<arg>firefox</arg>
<doc>Opens a new browser instance to the optional ``url``.</doc>
<msg timestamp="20220809 17:46:50.167" level="INFO">Opening browser 'firefox' to base url 'https://www.amazon.com/'.</msg>
<msg timestamp="20220809 17:46:50.168" level="INFO">Firefox driver log is always forced to to: C:\Users\daniel.pogorevici\PycharmProjects\DemoTesting\ResultParralel\pabot_results\1\geckodriver-1.log</msg>
<status status="PASS" starttime="20220809 17:46:50.167" endtime="20220809 17:46:56.578"/>
</kw>
<kw name="Sleep" library="BuiltIn">
<arg>3s</arg>
<doc>Pauses the test executed for the given time.</doc>
<msg timestamp="20220809 17:46:59.592" level="INFO">Slept 3 seconds</msg>
<status status="PASS" starttime="20220809 17:46:56.578" endtime="20220809 17:46:59.592"/>
</kw>
<kw name="Close Browser" library="SeleniumLibrary">
<doc>Closes the current browser.</doc>
<status status="PASS" starttime="20220809 17:46:59.592" endtime="20220809 17:47:00.374"/>
</kw>
<doc>Running website on Firefox</doc>
<tag>Browsers</tag>
<status status="PASS" starttime="20220809 17:46:50.166" endtime="20220809 17:47:00.374"/>
</test>
<test id="s1-s1-t3" name="Assertions with locators on page" line="24">
<kw name="Open Browser" library="SeleniumLibrary">
<arg>https://www.amazon.com/</arg>
<arg>firefox</arg>
<doc>Opens a new browser instance to the optional ``url``.</doc>
<msg timestamp="20220809 17:47:00.375" level="INFO">Opening browser 'firefox' to base url 'https://www.amazon.com/'.</msg>
<msg timestamp="20220809 17:47:00.376" level="INFO">Firefox driver log is always forced to to: C:\Users\daniel.pogorevici\PycharmProjects\DemoTesting\ResultParralel\pabot_results\1\geckodriver-2.log</msg>
<status status="PASS" starttime="20220809 17:47:00.375" endtime="20220809 17:47:07.541"/>
</kw>
<kw name="Wait Until Page Contains" library="SeleniumLibrary">
<arg>Moldova, Republic of</arg>
<doc>Waits until ``text`` appears on the current page.</doc>
<status status="PASS" starttime="20220809 17:47:07.541" endtime="20220809 17:47:07.563"/>
</kw>
<kw name="Input Text" library="SeleniumLibrary">
<arg>id=twotabsearchtextbox</arg>
<arg>amdaris</arg>
<doc>Types the given ``text`` into the text field identified by ``locator``.</doc>
<msg timestamp="20220809 17:47:07.564" level="INFO">Typing text 'amdaris' into text field 'id=twotabsearchtextbox'.</msg>
<status status="PASS" starttime="20220809 17:47:07.564" endtime="20220809 17:47:07.590"/>
</kw>
<kw name="Click Button" library="SeleniumLibrary">
<arg>id=nav-search-submit-button</arg>
<doc>Clicks the button identified by ``locator``.</doc>
<msg timestamp="20220809 17:47:07.591" level="INFO">Clicking button 'id=nav-search-submit-button'.</msg>
<status status="PASS" starttime="20220809 17:47:07.590" endtime="20220809 17:47:10.445"/>
</kw>
<kw name="Wait Until Page Contains" library="SeleniumLibrary">
<arg>results for "amdaris"</arg>
<doc>Waits until ``text`` appears on the current page.</doc>
<status status="PASS" starttime="20220809 17:47:10.445" endtime="20220809 17:47:10.457"/>
</kw>
<kw name="Close Browser" library="SeleniumLibrary">
<doc>Closes the current browser.</doc>
<status status="PASS" starttime="20220809 17:47:10.457" endtime="20220809 17:47:11.284"/>
</kw>
<kw name="Log" library="BuiltIn">
<arg>Some text</arg>
<doc>Logs the given message with the given level.</doc>
<msg timestamp="20220809 17:47:11.284" level="INFO">Some text</msg>
<status status="PASS" starttime="20220809 17:47:11.284" endtime="20220809 17:47:11.284"/>
</kw>
<doc>Making assertions based on the search</doc>
<tag>Assertions</tag>
<status status="PASS" starttime="20220809 17:47:00.374" endtime="20220809 17:47:11.284"/>
</test>
<doc>Some Information about demo testing</doc>
<status status="PASS" starttime="20220809 17:46:40.418" endtime="20220809 17:47:11.285"/>
</suite>
<status status="PASS" starttime="20220809 17:46:40.406" endtime="20220809 17:47:11.286"/>
</suite>
<statistics>
<total>
<stat pass="3" fail="0" skip="0">All Tests</stat>
</total>
<tag>
<stat pass="1" fail="0" skip="0">Assertions</stat>
<stat pass="2" fail="0" skip="0">Browsers</stat>
</tag>
<suite>
<stat pass="3" fail="0" skip="0" id="s1" name="Suites">Suites</stat>
<stat pass="3" fail="0" skip="0" id="s1-s1" name="SimpleTestCases">Suites.SimpleTestCases</stat>
</suite>
</statistics>
<errors>
</errors>
</robot>
