<?xml version="1.0" encoding="UTF-8"?>
<robot generator="Robot 5.0.1 (Python 3.10.5 on win32)" generated="20220809 17:46:40.397" rpa="false" schemaversion="3">
<suite id="s1" name="Suites">
<suite id="s1-s1" name="KeywordsTests" source="C:\Users\daniel.pogorevici\PycharmProjects\DemoTesting\ProceduralTests\KeywordsTests.robot">
<test id="s1-s1-t1" name="Test Case 1 - Make a search and assertions" line="10">
<kw name="Open Firefox browser" library="Common" type="SETUP">
<kw name="Open Browser" library="SeleniumLibrary">
<arg>https://www.amazon.com/</arg>
<arg>firefox</arg>
<doc>Opens a new browser instance to the optional ``url``.</doc>
<msg timestamp="20220809 17:46:40.636" level="INFO">Opening browser 'firefox' to base url 'https://www.amazon.com/'.</msg>
<msg timestamp="20220809 17:46:40.641" level="INFO">Firefox driver log is always forced to to: C:\Users\daniel.pogorevici\PycharmProjects\DemoTesting\ResultParralel\pabot_results\0\geckodriver-1.log</msg>
<status status="PASS" starttime="20220809 17:46:40.635" endtime="20220809 17:46:46.679"/>
</kw>
<status status="PASS" starttime="20220809 17:46:40.635" endtime="20220809 17:46:46.679"/>
</kw>
<kw name="Open page and search" library="Keywords">
<kw name="Wait Until Page Contains" library="SeleniumLibrary">
<arg>Moldova, Republic of</arg>
<doc>Waits until ``text`` appears on the current page.</doc>
<status status="PASS" starttime="20220809 17:46:46.680" endtime="20220809 17:46:46.746"/>
</kw>
<kw name="Input Text" library="SeleniumLibrary">
<arg>id=twotabsearchtextbox</arg>
<arg>amdaris</arg>
<doc>Types the given ``text`` into the text field identified by ``locator``.</doc>
<msg timestamp="20220809 17:46:46.747" level="INFO">Typing text 'amdaris' into text field 'id=twotabsearchtextbox'.</msg>
<status status="PASS" starttime="20220809 17:46:46.746" endtime="20220809 17:46:46.844"/>
</kw>
<kw name="Click Button" library="SeleniumLibrary">
<arg>id=nav-search-submit-button</arg>
<doc>Clicks the button identified by ``locator``.</doc>
<msg timestamp="20220809 17:46:46.845" level="INFO">Clicking button 'id=nav-search-submit-button'.</msg>
<status status="PASS" starttime="20220809 17:46:46.845" endtime="20220809 17:46:49.608"/>
</kw>
<status status="PASS" starttime="20220809 17:46:46.679" endtime="20220809 17:46:49.608"/>
</kw>
<kw name="Assert search results" library="Keywords">
<kw name="Wait Until Page Contains" library="SeleniumLibrary">
<arg>results for "amdaris"</arg>
<doc>Waits until ``text`` appears on the current page.</doc>
<msg timestamp="20220809 17:46:54.712" level="INFO" html="true">&lt;/td&gt;&lt;/tr&gt;&lt;tr&gt;&lt;td colspan="3"&gt;&lt;a href="selenium-screenshot-1.png"&gt;&lt;img src="selenium-screenshot-1.png" width="800px"&gt;&lt;/a&gt;</msg>
<msg timestamp="20220809 17:46:54.713" level="FAIL">Text 'results for "amdaris"' did not appear in 5 seconds.</msg>
<status status="FAIL" starttime="20220809 17:46:49.609" endtime="20220809 17:46:54.738"/>
</kw>
<status status="FAIL" starttime="20220809 17:46:49.608" endtime="20220809 17:46:54.739"/>
</kw>
<kw name="End Test" library="Common" type="TEARDOWN">
<kw name="Close Browser" library="SeleniumLibrary">
<doc>Closes the current browser.</doc>
<status status="PASS" starttime="20220809 17:46:54.741" endtime="20220809 17:46:55.483"/>
</kw>
<status status="PASS" starttime="20220809 17:46:54.740" endtime="20220809 17:46:55.483"/>
</kw>
<doc>Perform a search and assert results</doc>
<tag>Keywords</tag>
<status status="FAIL" starttime="20220809 17:46:40.634" endtime="20220809 17:46:55.483">Text 'results for "amdaris"' did not appear in 5 seconds.</status>
</test>
<test id="s1-s1-t2" name="Test Case 2 - Add an item to cart" line="16">
<kw name="Open Firefox browser" library="Common" type="SETUP">
<kw name="Open Browser" library="SeleniumLibrary">
<arg>https://www.amazon.com/</arg>
<arg>firefox</arg>
<doc>Opens a new browser instance to the optional ``url``.</doc>
<msg timestamp="20220809 17:46:55.485" level="INFO">Opening browser 'firefox' to base url 'https://www.amazon.com/'.</msg>
<msg timestamp="20220809 17:46:55.485" level="INFO">Firefox driver log is always forced to to: C:\Users\daniel.pogorevici\PycharmProjects\DemoTesting\ResultParralel\pabot_results\0\geckodriver-2.log</msg>
<status status="PASS" starttime="20220809 17:46:55.485" endtime="20220809 17:47:01.978"/>
</kw>
<status status="PASS" starttime="20220809 17:46:55.484" endtime="20220809 17:47:01.979"/>
</kw>
<kw name="Open page and search" library="Keywords">
<kw name="Wait Until Page Contains" library="SeleniumLibrary">
<arg>Moldova, Republic of</arg>
<doc>Waits until ``text`` appears on the current page.</doc>
<status status="PASS" starttime="20220809 17:47:01.980" endtime="20220809 17:47:02.005"/>
</kw>
<kw name="Input Text" library="SeleniumLibrary">
<arg>id=twotabsearchtextbox</arg>
<arg>amdaris</arg>
<doc>Types the given ``text`` into the text field identified by ``locator``.</doc>
<msg timestamp="20220809 17:47:02.006" level="INFO">Typing text 'amdaris' into text field 'id=twotabsearchtextbox'.</msg>
<status status="PASS" starttime="20220809 17:47:02.006" endtime="20220809 17:47:02.114"/>
</kw>
<kw name="Click Button" library="SeleniumLibrary">
<arg>id=nav-search-submit-button</arg>
<doc>Clicks the button identified by ``locator``.</doc>
<msg timestamp="20220809 17:47:02.115" level="INFO">Clicking button 'id=nav-search-submit-button'.</msg>
<status status="PASS" starttime="20220809 17:47:02.114" endtime="20220809 17:47:04.504"/>
</kw>
<status status="PASS" starttime="20220809 17:47:01.979" endtime="20220809 17:47:04.504"/>
</kw>
<kw name="Click on product" library="Keywords">
<kw name="Click Element" library="SeleniumLibrary">
<arg>xpath=/html/body/div[1]/div[2]/div[1]/div[1]/div/span[3]/div[2]/div[2]/div/div/div/div/div[2]/div[1]/h2/a/span</arg>
<doc>Click the element identified by ``locator``.</doc>
<msg timestamp="20220809 17:47:04.506" level="INFO">Clicking element 'xpath=/html/body/div[1]/div[2]/div[1]/div[1]/div/span[3]/div[2]/div[2]/div/div/div/div/div[2]/div[1]/h2/a/span'.</msg>
<status status="PASS" starttime="20220809 17:47:04.505" endtime="20220809 17:47:07.413"/>
</kw>
<status status="PASS" starttime="20220809 17:47:04.505" endtime="20220809 17:47:07.413"/>
</kw>
<kw name="Add item to cart" library="Keywords">
<kw name="Click Button" library="SeleniumLibrary">
<arg>id=add-to-cart-button</arg>
<doc>Clicks the button identified by ``locator``.</doc>
<msg timestamp="20220809 17:47:07.415" level="INFO">Clicking button 'id=add-to-cart-button'.</msg>
<status status="PASS" starttime="20220809 17:47:07.414" endtime="20220809 17:47:09.772"/>
</kw>
<status status="PASS" starttime="20220809 17:47:07.413" endtime="20220809 17:47:09.772"/>
</kw>
<kw name="End Test" library="Common" type="TEARDOWN">
<kw name="Close Browser" library="SeleniumLibrary">
<doc>Closes the current browser.</doc>
<status status="PASS" starttime="20220809 17:47:09.773" endtime="20220809 17:47:10.821"/>
</kw>
<status status="PASS" starttime="20220809 17:47:09.773" endtime="20220809 17:47:10.822"/>
</kw>
<doc>Check if item added to cart correctly</doc>
<tag>Keywords</tag>
<status status="PASS" starttime="20220809 17:46:55.484" endtime="20220809 17:47:10.822"/>
</test>
<doc>Some Information about testing</doc>
<status status="FAIL" starttime="20220809 17:46:40.419" endtime="20220809 17:47:10.823"/>
</suite>
<status status="FAIL" starttime="20220809 17:46:40.406" endtime="20220809 17:47:10.824"/>
</suite>
<statistics>
<total>
<stat pass="1" fail="1" skip="0">All Tests</stat>
</total>
<tag>
<stat pass="1" fail="1" skip="0">Keywords</stat>
</tag>
<suite>
<stat pass="1" fail="1" skip="0" id="s1" name="Suites">Suites</stat>
<stat pass="1" fail="1" skip="0" id="s1-s1" name="KeywordsTests">Suites.KeywordsTests</stat>
</suite>
</statistics>
<errors>
</errors>
</robot>
